-------------------------------------------------------------------------------
Test set: com.celcsa.payroll.CelcsaEmployeeRepoTest
-------------------------------------------------------------------------------
Tests run: 1, Failures: 0, Errors: 1, Skipped: 0, Time elapsed: 10.475 s <<< FAILURE! - in com.celcsa.payroll.CelcsaEmployeeRepoTest
testFindByUsernameFails  Time elapsed: 0.001 s  <<< ERROR!
java.lang.IllegalStateException: Failed to load ApplicationContext
Caused by: org.springframework.beans.factory.UnsatisfiedDependencyException: Error creating bean with name 'repositoryPropertyReferenceController' defined in URL [jar:file:/C:/Users/crles/.m2/repository/org/springframework/data/spring-data-rest-webmvc/3.2.0.RC3/spring-data-rest-webmvc-3.2.0.RC3.jar!/org/springframework/data/rest/webmvc/RepositoryPropertyReferenceController.class]: Unsatisfied dependency expressed through constructor parameter 0; nested exception is org.springframework.beans.factory.BeanCreationException: Error creating bean with name 'repositories' defined in class path resource [org/springframework/data/rest/webmvc/config/RepositoryRestMvcConfiguration.class]: Bean instantiation via factory method failed; nested exception is org.springframework.beans.BeanInstantiationException: Failed to instantiate [org.springframework.data.repository.support.Repositories]: Factory method 'repositories' threw exception; nested exception is org.springframework.beans.factory.BeanCreationException: Error creating bean with name 'celcsaEmployeeRepo': Invocation of init method failed; nested exception is org.springframework.data.mapping.MappingException: Couldn't find PersistentEntity for type class java.lang.String!
Caused by: org.springframework.beans.factory.BeanCreationException: Error creating bean with name 'repositories' defined in class path resource [org/springframework/data/rest/webmvc/config/RepositoryRestMvcConfiguration.class]: Bean instantiation via factory method failed; nested exception is org.springframework.beans.BeanInstantiationException: Failed to instantiate [org.springframework.data.repository.support.Repositories]: Factory method 'repositories' threw exception; nested exception is org.springframework.beans.factory.BeanCreationException: Error creating bean with name 'celcsaEmployeeRepo': Invocation of init method failed; nested exception is org.springframework.data.mapping.MappingException: Couldn't find PersistentEntity for type class java.lang.String!
Caused by: org.springframework.beans.BeanInstantiationException: Failed to instantiate [org.springframework.data.repository.support.Repositories]: Factory method 'repositories' threw exception; nested exception is org.springframework.beans.factory.BeanCreationException: Error creating bean with name 'celcsaEmployeeRepo': Invocation of init method failed; nested exception is org.springframework.data.mapping.MappingException: Couldn't find PersistentEntity for type class java.lang.String!
Caused by: org.springframework.beans.factory.BeanCreationException: Error creating bean with name 'celcsaEmployeeRepo': Invocation of init method failed; nested exception is org.springframework.data.mapping.MappingException: Couldn't find PersistentEntity for type class java.lang.String!
Caused by: org.springframework.data.mapping.MappingException: Couldn't find PersistentEntity for type class java.lang.String!

