<?xml version="1.0" encoding="UTF-8"?>
<testsuite xmlns:xsi="http://www.w3.org/2001/XMLSchema-instance" xsi:noNamespaceSchemaLocation="https://maven.apache.org/surefire/maven-surefire-plugin/xsd/surefire-test-report.xsd" name="com.celcsa.payroll.CelcsaEmployeeRepoTest" time="10.475" tests="1" errors="1" skipped="0" failures="0">
  <properties>
[...]
</properties>
  <testcase name="testFindByUsernameFails" classname="com.celcsa.payroll.CelcsaEmployeeRepoTest" time="0.001">
    <error message="Failed to load ApplicationContext" type="java.lang.IllegalStateException">java.lang.IllegalStateException: Failed to load ApplicationContext
Caused by: org.springframework.beans.factory.UnsatisfiedDependencyException: Error creating bean with name 'repositoryPropertyReferenceController' defined in URL [jar:file:/C:/Users/crles/.m2/repository/org/springframework/data/spring-data-rest-webmvc/3.2.0.RC3/spring-data-rest-webmvc-3.2.0.RC3.jar!/org/springframework/data/rest/webmvc/RepositoryPropertyReferenceController.class]: Unsatisfied dependency expressed through constructor parameter 0; nested exception is org.springframework.beans.factory.BeanCreationException: Error creating bean with name 'repositories' defined in class path resource [org/springframework/data/rest/webmvc/config/RepositoryRestMvcConfiguration.class]: Bean instantiation via factory method failed; nested exception is org.springframework.beans.BeanInstantiationException: Failed to instantiate [org.springframework.data.repository.support.Repositories]: Factory method 'repositories' threw exception; nested exception is org.springframework.beans.factory.BeanCreationException: Error creating bean with name 'celcsaEmployeeRepo': Invocation of init method failed; nested exception is org.springframework.data.mapping.MappingException: Couldn't find PersistentEntity for type class java.lang.String!
Caused by: org.springframework.beans.factory.BeanCreationException: Error creating bean with name 'repositories' defined in class path resource [org/springframework/data/rest/webmvc/config/RepositoryRestMvcConfiguration.class]: Bean instantiation via factory method failed; nested exception is org.springframework.beans.BeanInstantiationException: Failed to instantiate [org.springframework.data.repository.support.Repositories]: Factory method 'repositories' threw exception; nested exception is org.springframework.beans.factory.BeanCreationException: Error creating bean with name 'celcsaEmployeeRepo': Invocation of init method failed; nested exception is org.springframework.data.mapping.MappingException: Couldn't find PersistentEntity for type class java.lang.String!
Caused by: org.springframework.beans.BeanInstantiationException: Failed to instantiate [org.springframework.data.repository.support.Repositories]: Factory method 'repositories' threw exception; nested exception is org.springframework.beans.factory.BeanCreationException: Error creating bean with name 'celcsaEmployeeRepo': Invocation of init method failed; nested exception is org.springframework.data.mapping.MappingException: Couldn't find PersistentEntity for type class java.lang.String!
Caused by: org.springframework.beans.factory.BeanCreationException: Error creating bean with name 'celcsaEmployeeRepo': Invocation of init method failed; nested exception is org.springframework.data.mapping.MappingException: Couldn't find PersistentEntity for type class java.lang.String!
Caused by: org.springframework.data.mapping.MappingException: Couldn't find PersistentEntity for type class java.lang.String!
</error>
    <system-out><![CDATA[18:27:28.742 [main] DEBUG org.springframework.test.context.BootstrapUtils - Instantiating CacheAwareContextLoaderDelegate from class [org.springframework.test.context.cache.DefaultCacheAwareContextLoaderDelegate]
18:27:28.757 [main] DEBUG org.springframework.test.context.BootstrapUtils - Instantiating BootstrapContext using constructor [public org.springframework.test.context.support.DefaultBootstrapContext(java.lang.Class,org.springframework.test.context.CacheAwareContextLoaderDelegate)]
18:27:28.785 [main] DEBUG org.springframework.test.context.BootstrapUtils - Instantiating TestContextBootstrapper for test class [com.celcsa.payroll.CelcsaEmployeeRepoTest] from class [org.springframework.boot.test.context.SpringBootTestContextBootstrapper]
18:27:28.802 [main] INFO org.springframework.boot.test.context.SpringBootTestContextBootstrapper - Neither @ContextConfiguration nor @ContextHierarchy found for test class [com.celcsa.payroll.CelcsaEmployeeRepoTest], using SpringBootContextLoader
18:27:28.806 [main] DEBUG org.springframework.test.context.support.AbstractContextLoader - Did not detect default resource location for test class [com.celcsa.payroll.CelcsaEmployeeRepoTest]: class path resource [com/celcsa/payroll/CelcsaEmployeeRepoTest-context.xml] does not exist
18:27:28.806 [main] DEBUG org.springframework.test.context.support.AbstractContextLoader - Did not detect default resource location for test class [com.celcsa.payroll.CelcsaEmployeeRepoTest]: class path resource [com/celcsa/payroll/CelcsaEmployeeRepoTestContext.groovy] does not exist
18:27:28.806 [main] INFO org.springframework.test.context.support.AbstractContextLoader - Could not detect default resource locations for test class [com.celcsa.payroll.CelcsaEmployeeRepoTest]: no resource found for suffixes {-context.xml, Context.groovy}.
18:27:28.807 [main] INFO org.springframework.test.context.support.AnnotationConfigContextLoaderUtils - Could not detect default configuration classes for test class [com.celcsa.payroll.CelcsaEmployeeRepoTest]: CelcsaEmployeeRepoTest does not declare any static, non-private, non-final, nested classes annotated with @Configuration.
18:27:28.845 [main] DEBUG org.springframework.test.context.support.ActiveProfilesUtils - Could not find an 'annotation declaring class' for annotation type [org.springframework.test.context.ActiveProfiles] and class [com.celcsa.payroll.CelcsaEmployeeRepoTest]
18:27:28.921 [main] DEBUG org.springframework.context.annotation.ClassPathScanningCandidateComponentProvider - Identified candidate component class: file [c:\Development\Workspaces\vscode\payroll\target\classes\com\celcsa\payroll\DemoApplication.class]
18:27:28.922 [main] INFO org.springframework.boot.test.context.SpringBootTestContextBootstrapper - Found @SpringBootConfiguration com.celcsa.payroll.DemoApplication for test class com.celcsa.payroll.CelcsaEmployeeRepoTest
18:27:29.023 [main] DEBUG org.springframework.boot.test.context.SpringBootTestContextBootstrapper - @TestExecutionListeners is not present for class [com.celcsa.payroll.CelcsaEmployeeRepoTest]: using defaults.
18:27:29.023 [main] INFO org.springframework.boot.test.context.SpringBootTestContextBootstrapper - Loaded default TestExecutionListener class names from location [META-INF/spring.factories]: [org.springframework.boot.test.mock.mockito.MockitoTestExecutionListener, org.springframework.boot.test.mock.mockito.ResetMocksTestExecutionListener, org.springframework.boot.test.autoconfigure.restdocs.RestDocsTestExecutionListener, org.springframework.boot.test.autoconfigure.web.client.MockRestServiceServerResetTestExecutionListener, org.springframework.boot.test.autoconfigure.web.servlet.MockMvcPrintOnlyOnFailureTestExecutionListener, org.springframework.boot.test.autoconfigure.web.servlet.WebDriverTestExecutionListener, org.springframework.test.context.web.ServletTestExecutionListener, org.springframework.test.context.support.DirtiesContextBeforeModesTestExecutionListener, org.springframework.test.context.support.DependencyInjectionTestExecutionListener, org.springframework.test.context.support.DirtiesContextTestExecutionListener, org.springframework.test.context.transaction.TransactionalTestExecutionListener, org.springframework.test.context.jdbc.SqlScriptsTestExecutionListener, org.springframework.test.context.event.EventPublishingTestExecutionListener]
18:27:29.041 [main] INFO org.springframework.boot.test.context.SpringBootTestContextBootstrapper - Using TestExecutionListeners: [org.springframework.test.context.web.ServletTestExecutionListener@76b1e9b8, org.springframework.test.context.support.DirtiesContextBeforeModesTestExecutionListener@27406a17, org.springframework.boot.test.mock.mockito.MockitoTestExecutionListener@2af004b, org.springframework.boot.test.autoconfigure.SpringBootDependencyInjectionTestExecutionListener@248e319b, org.springframework.test.context.support.DirtiesContextTestExecutionListener@5d0bf09b, org.springframework.test.context.transaction.TransactionalTestExecutionListener@793f29ff, org.springframework.test.context.jdbc.SqlScriptsTestExecutionListener@3e8c3cb, org.springframework.test.context.event.EventPublishingTestExecutionListener@563f38c4, org.springframework.boot.test.mock.mockito.ResetMocksTestExecutionListener@543295b0, org.springframework.boot.test.autoconfigure.restdocs.RestDocsTestExecutionListener@54422e18, org.springframework.boot.test.autoconfigure.web.client.MockRestServiceServerResetTestExecutionListener@117159c0, org.springframework.boot.test.autoconfigure.web.servlet.MockMvcPrintOnlyOnFailureTestExecutionListener@3e27ba32, org.springframework.boot.test.autoconfigure.web.servlet.WebDriverTestExecutionListener@7ef82753]
18:27:29.044 [main] DEBUG org.springframework.test.context.support.AbstractDirtiesContextTestExecutionListener - Before test class: context [DefaultTestContext@3a7442c7 testClass = CelcsaEmployeeRepoTest, testInstance = [null], testMethod = [null], testException = [null], mergedContextConfiguration = [WebMergedContextConfiguration@4be29ed9 testClass = CelcsaEmployeeRepoTest, locations = '{}', classes = '{class com.celcsa.payroll.DemoApplication}', contextInitializerClasses = '[]', activeProfiles = '{}', propertySourceLocations = '{}', propertySourceProperties = '{org.springframework.boot.test.context.SpringBootTestContextBootstrapper=true}', contextCustomizers = set[org.springframework.boot.test.context.filter.ExcludeFilterContextCustomizer@dbf57b3, org.springframework.boot.test.json.DuplicateJsonObjectContextCustomizerFactory$DuplicateJsonObjectContextCustomizer@441772e, org.springframework.boot.test.mock.mockito.MockitoContextCustomizer@0, org.springframework.boot.test.web.client.TestRestTemplateContextCustomizer@4567f35d, org.springframework.boot.test.web.reactive.server.WebTestClientContextCustomizer@a514af7, org.springframework.boot.test.autoconfigure.properties.PropertyMappingContextCustomizer@0, org.springframework.boot.test.autoconfigure.web.servlet.WebDriverContextCustomizerFactory$Customizer@72d1ad2e], resourceBasePath = 'src/main/webapp', contextLoader = 'org.springframework.boot.test.context.SpringBootContextLoader', parent = [null]], attributes = map['org.springframework.test.context.web.ServletTestExecutionListener.activateListener' -> true]], class annotated with @DirtiesContext [false] with mode [null].
18:27:29.073 [main] DEBUG org.springframework.test.context.support.TestPropertySourceUtils - Adding inlined properties to environment: {spring.jmx.enabled=false, org.springframework.boot.test.context.SpringBootTestContextBootstrapper=true, server.port=-1}

  .   ____          _            __ _ _
 /\\ / ___'_ __ _ _(_)_ __  __ _ \ \ \ \
( ( )\___ | '_ | '_| | '_ \/ _` | \ \ \ \
 \\/  ___)| |_)| | | | | || (_| |  ) ) ) )
  '  |____| .__|_| |_|_| |_\__, | / / / /
 =========|_|==============|___/=/_/_/_/
 :: Spring Boot ::             (v2.2.0.M6)

2019-09-16 18:27:29.348  INFO 22152 --- [           main] c.celcsa.payroll.CelcsaEmployeeRepoTest  : Starting CelcsaEmployeeRepoTest on DESKTOP-BT3BL2K with PID 22152 (started by crles in c:\Development\Workspaces\vscode\payroll)
2019-09-16 18:27:29.349  INFO 22152 --- [           main] c.celcsa.payroll.CelcsaEmployeeRepoTest  : No active profile set, falling back to default profiles: default
2019-09-16 18:27:29.944  INFO 22152 --- [           main] .s.d.r.c.RepositoryConfigurationDelegate : Bootstrapping Spring Data repositories in DEFAULT mode.
2019-09-16 18:27:30.075  INFO 22152 --- [           main] .s.d.r.c.RepositoryConfigurationDelegate : Finished Spring Data repository scanning in 127ms. Found 1 repository interfaces.
2019-09-16 18:27:30.081  INFO 22152 --- [           main] .s.d.r.c.RepositoryConfigurationDelegate : Bootstrapping Spring Data repositories in DEFAULT mode.
2019-09-16 18:27:30.087  INFO 22152 --- [           main] .s.d.r.c.RepositoryConfigurationDelegate : Finished Spring Data repository scanning in 6ms. Found 0 repository interfaces.
2019-09-16 18:27:31.484  INFO 22152 --- [           main] org.mongodb.driver.cluster               : Cluster created with settings {hosts=[localhost:27017], mode=SINGLE, requiredClusterType=UNKNOWN, serverSelectionTimeout='30000 ms', maxWaitQueueSize=500}
2019-09-16 18:27:31.620  INFO 22152 --- [           main] org.mongodb.driver.cluster               : Cluster created with settings {hosts=[localhost:27017], mode=MULTIPLE, requiredClusterType=UNKNOWN, serverSelectionTimeout='30000 ms', maxWaitQueueSize=500}
2019-09-16 18:27:31.621  INFO 22152 --- [           main] org.mongodb.driver.cluster               : Adding discovered server localhost:27017 to client view of cluster
2019-09-16 18:27:31.655  INFO 22152 --- [localhost:27017] org.mongodb.driver.connection            : Opened connection [connectionId{localValue:2, serverValue:265}] to localhost:27017
2019-09-16 18:27:31.660  INFO 22152 --- [localhost:27017] org.mongodb.driver.cluster               : Monitor thread successfully connected to server with description ServerDescription{address=localhost:27017, type=STANDALONE, state=CONNECTED, ok=true, version=ServerVersion{versionList=[4, 2, 0]}, minWireVersion=0, maxWireVersion=8, maxDocumentSize=16777216, logicalSessionTimeoutMinutes=30, roundTripTimeNanos=4102600}
2019-09-16 18:27:31.661  INFO 22152 --- [localhost:27017] org.mongodb.driver.cluster               : Discovered cluster type of STANDALONE
2019-09-16 18:27:31.721  WARN 22152 --- [           main] o.s.data.convert.CustomConversions       : Registering converter from class java.time.LocalDateTime to class java.time.Instant as reading converter although it doesn't convert from a store-supported type! You might wanna check you annotation setup at the converter implementation.
2019-09-16 18:27:31.721  WARN 22152 --- [           main] o.s.data.convert.CustomConversions       : Registering converter from class java.time.Instant to class java.time.LocalDateTime as reading converter although it doesn't convert from a store-supported type! You might wanna check you annotation setup at the converter implementation.
2019-09-16 18:27:31.827  WARN 22152 --- [           main] o.s.data.convert.CustomConversions       : Registering converter from class java.time.LocalDateTime to class java.time.Instant as reading converter although it doesn't convert from a store-supported type! You might wanna check you annotation setup at the converter implementation.
2019-09-16 18:27:31.827  WARN 22152 --- [           main] o.s.data.convert.CustomConversions       : Registering converter from class java.time.Instant to class java.time.LocalDateTime as reading converter although it doesn't convert from a store-supported type! You might wanna check you annotation setup at the converter implementation.
2019-09-16 18:27:31.989  WARN 22152 --- [           main] o.s.w.c.s.GenericWebApplicationContext   : Exception encountered during context initialization - cancelling refresh attempt: org.springframework.beans.factory.UnsatisfiedDependencyException: Error creating bean with name 'repositoryPropertyReferenceController' defined in URL [jar:file:/C:/Users/crles/.m2/repository/org/springframework/data/spring-data-rest-webmvc/3.2.0.RC3/spring-data-rest-webmvc-3.2.0.RC3.jar!/org/springframework/data/rest/webmvc/RepositoryPropertyReferenceController.class]: Unsatisfied dependency expressed through constructor parameter 0; nested exception is org.springframework.beans.factory.BeanCreationException: Error creating bean with name 'repositories' defined in class path resource [org/springframework/data/rest/webmvc/config/RepositoryRestMvcConfiguration.class]: Bean instantiation via factory method failed; nested exception is org.springframework.beans.BeanInstantiationException: Failed to instantiate [org.springframework.data.repository.support.Repositories]: Factory method 'repositories' threw exception; nested exception is org.springframework.beans.factory.BeanCreationException: Error creating bean with name 'celcsaEmployeeRepo': Invocation of init method failed; nested exception is org.springframework.data.mapping.MappingException: Couldn't find PersistentEntity for type class java.lang.String!
2019-09-16 18:27:35.514  INFO 22152 --- [           main] ConditionEvaluationReportLoggingListener : 

Error starting ApplicationContext. To display the conditions report re-run your application with 'debug' enabled.
2019-09-16 18:27:35.520 ERROR 22152 --- [           main] o.s.boot.SpringApplication               : Application run failed

org.springframework.beans.factory.UnsatisfiedDependencyException: Error creating bean with name 'repositoryPropertyReferenceController' defined in URL [jar:file:/C:/Users/crles/.m2/repository/org/springframework/data/spring-data-rest-webmvc/3.2.0.RC3/spring-data-rest-webmvc-3.2.0.RC3.jar!/org/springframework/data/rest/webmvc/RepositoryPropertyReferenceController.class]: Unsatisfied dependency expressed through constructor parameter 0; nested exception is org.springframework.beans.factory.BeanCreationException: Error creating bean with name 'repositories' defined in class path resource [org/springframework/data/rest/webmvc/config/RepositoryRestMvcConfiguration.class]: Bean instantiation via factory method failed; nested exception is org.springframework.beans.BeanInstantiationException: Failed to instantiate [org.springframework.data.repository.support.Repositories]: Factory method 'repositories' threw exception; nested exception is org.springframework.beans.factory.BeanCreationException: Error creating bean with name 'celcsaEmployeeRepo': Invocation of init method failed; nested exception is org.springframework.data.mapping.MappingException: Couldn't find PersistentEntity for type class java.lang.String!
	at org.springframework.beans.factory.support.ConstructorResolver.createArgumentArray(ConstructorResolver.java:787) ~[spring-beans-5.2.0.RC2.jar:5.2.0.RC2]
	at org.springframework.beans.factory.support.ConstructorResolver.autowireConstructor(ConstructorResolver.java:226) ~[spring-beans-5.2.0.RC2.jar:5.2.0.RC2]
	at org.springframework.beans.factory.support.AbstractAutowireCapableBeanFactory.autowireConstructor(AbstractAutowireCapableBeanFactory.java:1359) ~[spring-beans-5.2.0.RC2.jar:5.2.0.RC2]
	at org.springframework.beans.factory.support.AbstractAutowireCapableBeanFactory.createBeanInstance(AbstractAutowireCapableBeanFactory.java:1205) ~[spring-beans-5.2.0.RC2.jar:5.2.0.RC2]
	at org.springframework.beans.factory.support.AbstractAutowireCapableBeanFactory.doCreateBean(AbstractAutowireCapableBeanFactory.java:557) ~[spring-beans-5.2.0.RC2.jar:5.2.0.RC2]
	at org.springframework.beans.factory.support.AbstractAutowireCapableBeanFactory.createBean(AbstractAutowireCapableBeanFactory.java:517) ~[spring-beans-5.2.0.RC2.jar:5.2.0.RC2]
	at org.springframework.beans.factory.support.AbstractBeanFactory.lambda$doGetBean$0(AbstractBeanFactory.java:323) ~[spring-beans-5.2.0.RC2.jar:5.2.0.RC2]
	at org.springframework.beans.factory.support.DefaultSingletonBeanRegistry.getSingleton(DefaultSingletonBeanRegistry.java:222) ~[spring-beans-5.2.0.RC2.jar:5.2.0.RC2]
	at org.springframework.beans.factory.support.AbstractBeanFactory.doGetBean(AbstractBeanFactory.java:321) ~[spring-beans-5.2.0.RC2.jar:5.2.0.RC2]
	at org.springframework.beans.factory.support.AbstractBeanFactory.getBean(AbstractBeanFactory.java:202) ~[spring-beans-5.2.0.RC2.jar:5.2.0.RC2]
	at org.springframework.beans.factory.support.DefaultListableBeanFactory.preInstantiateSingletons(DefaultListableBeanFactory.java:878) ~[spring-beans-5.2.0.RC2.jar:5.2.0.RC2]
	at org.springframework.context.support.AbstractApplicationContext.finishBeanFactoryInitialization(AbstractApplicationContext.java:877) ~[spring-context-5.2.0.RC2.jar:5.2.0.RC2]
	at org.springframework.context.support.AbstractApplicationContext.refresh(AbstractApplicationContext.java:549) ~[spring-context-5.2.0.RC2.jar:5.2.0.RC2]
	at org.springframework.boot.SpringApplication.refresh(SpringApplication.java:747) ~[spring-boot-2.2.0.M6.jar:2.2.0.M6]
	at org.springframework.boot.SpringApplication.refreshContext(SpringApplication.java:397) ~[spring-boot-2.2.0.M6.jar:2.2.0.M6]
	at org.springframework.boot.SpringApplication.run(SpringApplication.java:315) ~[spring-boot-2.2.0.M6.jar:2.2.0.M6]
	at org.springframework.boot.test.context.SpringBootContextLoader.loadContext(SpringBootContextLoader.java:125) [spring-boot-test-2.2.0.M6.jar:2.2.0.M6]
	at org.springframework.test.context.cache.DefaultCacheAwareContextLoaderDelegate.loadContextInternal(DefaultCacheAwareContextLoaderDelegate.java:99) [spring-test-5.2.0.RC2.jar:5.2.0.RC2]
	at org.springframework.test.context.cache.DefaultCacheAwareContextLoaderDelegate.loadContext(DefaultCacheAwareContextLoaderDelegate.java:124) [spring-test-5.2.0.RC2.jar:5.2.0.RC2]
	at org.springframework.test.context.support.DefaultTestContext.getApplicationContext(DefaultTestContext.java:123) [spring-test-5.2.0.RC2.jar:5.2.0.RC2]
	at org.springframework.test.context.web.ServletTestExecutionListener.setUpRequestContextIfNecessary(ServletTestExecutionListener.java:190) [spring-test-5.2.0.RC2.jar:5.2.0.RC2]
	at org.springframework.test.context.web.ServletTestExecutionListener.prepareTestInstance(ServletTestExecutionListener.java:132) [spring-test-5.2.0.RC2.jar:5.2.0.RC2]
	at org.springframework.test.context.TestContextManager.prepareTestInstance(TestContextManager.java:244) [spring-test-5.2.0.RC2.jar:5.2.0.RC2]
	at org.springframework.test.context.junit.jupiter.SpringExtension.postProcessTestInstance(SpringExtension.java:98) [spring-test-5.2.0.RC2.jar:5.2.0.RC2]
	at org.junit.jupiter.engine.descriptor.ClassBasedTestDescriptor.lambda$invokeTestInstancePostProcessors$5(ClassBasedTestDescriptor.java:337) [junit-jupiter-engine-5.5.2.jar:5.5.2]
	at org.junit.jupiter.engine.descriptor.ClassBasedTestDescriptor.executeAndMaskThrowable(ClassBasedTestDescriptor.java:342) [junit-jupiter-engine-5.5.2.jar:5.5.2]
	at org.junit.jupiter.engine.descriptor.ClassBasedTestDescriptor.lambda$invokeTestInstancePostProcessors$6(ClassBasedTestDescriptor.java:337) [junit-jupiter-engine-5.5.2.jar:5.5.2]
	at java.util.stream.ReferencePipeline$3$1.accept(ReferencePipeline.java:193) ~[na:1.8.0_222-4-redhat]
	at java.util.stream.ReferencePipeline$2$1.accept(ReferencePipeline.java:175) ~[na:1.8.0_222-4-redhat]
	at java.util.ArrayList$ArrayListSpliterator.forEachRemaining(ArrayList.java:1382) ~[na:1.8.0_222-4-redhat]
	at java.util.stream.AbstractPipeline.copyInto(AbstractPipeline.java:482) ~[na:1.8.0_222-4-redhat]
	at java.util.stream.AbstractPipeline.wrapAndCopyInto(AbstractPipeline.java:472) ~[na:1.8.0_222-4-redhat]
	at java.util.stream.StreamSpliterators$WrappingSpliterator.forEachRemaining(StreamSpliterators.java:313) ~[na:1.8.0_222-4-redhat]
	at java.util.stream.Streams$ConcatSpliterator.forEachRemaining(Streams.java:743) ~[na:1.8.0_222-4-redhat]
	at java.util.stream.Streams$ConcatSpliterator.forEachRemaining(Streams.java:742) ~[na:1.8.0_222-4-redhat]
	at java.util.stream.ReferencePipeline$Head.forEach(ReferencePipeline.java:647) ~[na:1.8.0_222-4-redhat]
	at org.junit.jupiter.engine.descriptor.ClassBasedTestDescriptor.invokeTestInstancePostProcessors(ClassBasedTestDescriptor.java:336) [junit-jupiter-engine-5.5.2.jar:5.5.2]
	at org.junit.jupiter.engine.descriptor.ClassBasedTestDescriptor.instantiateAndPostProcessTestInstance(ClassBasedTestDescriptor.java:259) [junit-jupiter-engine-5.5.2.jar:5.5.2]
	at org.junit.jupiter.engine.descriptor.ClassBasedTestDescriptor.lambda$testInstancesProvider$2(ClassBasedTestDescriptor.java:252) [junit-jupiter-engine-5.5.2.jar:5.5.2]
	at java.util.Optional.orElseGet(Optional.java:267) ~[na:1.8.0_222-4-redhat]
	at org.junit.jupiter.engine.descriptor.ClassBasedTestDescriptor.lambda$testInstancesProvider$3(ClassBasedTestDescriptor.java:251) [junit-jupiter-engine-5.5.2.jar:5.5.2]
	at org.junit.jupiter.engine.execution.TestInstancesProvider.getTestInstances(TestInstancesProvider.java:29) ~[junit-jupiter-engine-5.5.2.jar:5.5.2]
	at org.junit.jupiter.engine.descriptor.TestMethodTestDescriptor.lambda$prepare$0(TestMethodTestDescriptor.java:106) ~[junit-jupiter-engine-5.5.2.jar:5.5.2]
	at org.junit.platform.engine.support.hierarchical.ThrowableCollector.execute(ThrowableCollector.java:73) ~[junit-platform-engine-1.5.2.jar:1.5.2]
	at org.junit.jupiter.engine.descriptor.TestMethodTestDescriptor.prepare(TestMethodTestDescriptor.java:105) ~[junit-jupiter-engine-5.5.2.jar:5.5.2]
	at org.junit.jupiter.engine.descriptor.TestMethodTestDescriptor.prepare(TestMethodTestDescriptor.java:69) ~[junit-jupiter-engine-5.5.2.jar:5.5.2]
	at org.junit.platform.engine.support.hierarchical.NodeTestTask.lambda$prepare$1(NodeTestTask.java:107) ~[junit-platform-engine-1.5.2.jar:1.5.2]
	at org.junit.platform.engine.support.hierarchical.ThrowableCollector.execute(ThrowableCollector.java:73) ~[junit-platform-engine-1.5.2.jar:1.5.2]
	at org.junit.platform.engine.support.hierarchical.NodeTestTask.prepare(NodeTestTask.java:107) ~[junit-platform-engine-1.5.2.jar:1.5.2]
	at org.junit.platform.engine.support.hierarchical.NodeTestTask.execute(NodeTestTask.java:75) ~[junit-platform-engine-1.5.2.jar:1.5.2]
	at java.util.ArrayList.forEach(ArrayList.java:1257) ~[na:1.8.0_222-4-redhat]
	at org.junit.platform.engine.support.hierarchical.SameThreadHierarchicalTestExecutorService.invokeAll(SameThreadHierarchicalTestExecutorService.java:38) ~[junit-platform-engine-1.5.2.jar:1.5.2]
	at org.junit.platform.engine.support.hierarchical.NodeTestTask.lambda$executeRecursively$5(NodeTestTask.java:139) ~[junit-platform-engine-1.5.2.jar:1.5.2]
	at org.junit.platform.engine.support.hierarchical.ThrowableCollector.execute(ThrowableCollector.java:73) ~[junit-platform-engine-1.5.2.jar:1.5.2]
	at org.junit.platform.engine.support.hierarchical.NodeTestTask.lambda$executeRecursively$7(NodeTestTask.java:125) ~[junit-platform-engine-1.5.2.jar:1.5.2]
	at org.junit.platform.engine.support.hierarchical.Node.around(Node.java:135) ~[junit-platform-engine-1.5.2.jar:1.5.2]
	at org.junit.platform.engine.support.hierarchical.NodeTestTask.lambda$executeRecursively$8(NodeTestTask.java:123) ~[junit-platform-engine-1.5.2.jar:1.5.2]
	at org.junit.platform.engine.support.hierarchical.ThrowableCollector.execute(ThrowableCollector.java:73) ~[junit-platform-engine-1.5.2.jar:1.5.2]
	at org.junit.platform.engine.support.hierarchical.NodeTestTask.executeRecursively(NodeTestTask.java:122) ~[junit-platform-engine-1.5.2.jar:1.5.2]
	at org.junit.platform.engine.support.hierarchical.NodeTestTask.execute(NodeTestTask.java:80) ~[junit-platform-engine-1.5.2.jar:1.5.2]
	at java.util.ArrayList.forEach(ArrayList.java:1257) ~[na:1.8.0_222-4-redhat]
	at org.junit.platform.engine.support.hierarchical.SameThreadHierarchicalTestExecutorService.invokeAll(SameThreadHierarchicalTestExecutorService.java:38) ~[junit-platform-engine-1.5.2.jar:1.5.2]
	at org.junit.platform.engine.support.hierarchical.NodeTestTask.lambda$executeRecursively$5(NodeTestTask.java:139) ~[junit-platform-engine-1.5.2.jar:1.5.2]
	at org.junit.platform.engine.support.hierarchical.ThrowableCollector.execute(ThrowableCollector.java:73) ~[junit-platform-engine-1.5.2.jar:1.5.2]
	at org.junit.platform.engine.support.hierarchical.NodeTestTask.lambda$executeRecursively$7(NodeTestTask.java:125) ~[junit-platform-engine-1.5.2.jar:1.5.2]
	at org.junit.platform.engine.support.hierarchical.Node.around(Node.java:135) ~[junit-platform-engine-1.5.2.jar:1.5.2]
	at org.junit.platform.engine.support.hierarchical.NodeTestTask.lambda$executeRecursively$8(NodeTestTask.java:123) ~[junit-platform-engine-1.5.2.jar:1.5.2]
	at org.junit.platform.engine.support.hierarchical.ThrowableCollector.execute(ThrowableCollector.java:73) ~[junit-platform-engine-1.5.2.jar:1.5.2]
	at org.junit.platform.engine.support.hierarchical.NodeTestTask.executeRecursively(NodeTestTask.java:122) ~[junit-platform-engine-1.5.2.jar:1.5.2]
	at org.junit.platform.engine.support.hierarchical.NodeTestTask.execute(NodeTestTask.java:80) ~[junit-platform-engine-1.5.2.jar:1.5.2]
	at org.junit.platform.engine.support.hierarchical.SameThreadHierarchicalTestExecutorService.submit(SameThreadHierarchicalTestExecutorService.java:32) ~[junit-platform-engine-1.5.2.jar:1.5.2]
	at org.junit.platform.engine.support.hierarchical.HierarchicalTestExecutor.execute(HierarchicalTestExecutor.java:57) ~[junit-platform-engine-1.5.2.jar:1.5.2]
	at org.junit.platform.engine.support.hierarchical.HierarchicalTestEngine.execute(HierarchicalTestEngine.java:51) ~[junit-platform-engine-1.5.2.jar:1.5.2]
	at org.junit.platform.launcher.core.DefaultLauncher.execute(DefaultLauncher.java:220) ~[junit-platform-launcher-1.3.1.jar:1.3.1]
	at org.junit.platform.launcher.core.DefaultLauncher.lambda$execute$6(DefaultLauncher.java:188) ~[junit-platform-launcher-1.3.1.jar:1.3.1]
	at org.junit.platform.launcher.core.DefaultLauncher.withInterceptedStreams(DefaultLauncher.java:202) ~[junit-platform-launcher-1.3.1.jar:1.3.1]
	at org.junit.platform.launcher.core.DefaultLauncher.execute(DefaultLauncher.java:181) ~[junit-platform-launcher-1.3.1.jar:1.3.1]
	at org.junit.platform.launcher.core.DefaultLauncher.execute(DefaultLauncher.java:128) ~[junit-platform-launcher-1.3.1.jar:1.3.1]
	at org.apache.maven.surefire.junitplatform.JUnitPlatformProvider.invokeAllTests(JUnitPlatformProvider.java:150) ~[surefire-junit-platform-2.22.2.jar:2.22.2]
	at org.apache.maven.surefire.junitplatform.JUnitPlatformProvider.invoke(JUnitPlatformProvider.java:124) ~[surefire-junit-platform-2.22.2.jar:2.22.2]
	at org.apache.maven.surefire.booter.ForkedBooter.invokeProviderInSameClassLoader(ForkedBooter.java:384) ~[surefire-booter-2.22.2.jar:2.22.2]
	at org.apache.maven.surefire.booter.ForkedBooter.runSuitesInProcess(ForkedBooter.java:345) ~[surefire-booter-2.22.2.jar:2.22.2]
	at org.apache.maven.surefire.booter.ForkedBooter.execute(ForkedBooter.java:126) ~[surefire-booter-2.22.2.jar:2.22.2]
	at org.apache.maven.surefire.booter.ForkedBooter.main(ForkedBooter.java:418) ~[surefire-booter-2.22.2.jar:2.22.2]
Caused by: org.springframework.beans.factory.BeanCreationException: Error creating bean with name 'repositories' defined in class path resource [org/springframework/data/rest/webmvc/config/RepositoryRestMvcConfiguration.class]: Bean instantiation via factory method failed; nested exception is org.springframework.beans.BeanInstantiationException: Failed to instantiate [org.springframework.data.repository.support.Repositories]: Factory method 'repositories' threw exception; nested exception is org.springframework.beans.factory.BeanCreationException: Error creating bean with name 'celcsaEmployeeRepo': Invocation of init method failed; nested exception is org.springframework.data.mapping.MappingException: Couldn't find PersistentEntity for type class java.lang.String!
	at org.springframework.beans.factory.support.ConstructorResolver.instantiate(ConstructorResolver.java:645) ~[spring-beans-5.2.0.RC2.jar:5.2.0.RC2]
	at org.springframework.beans.factory.support.ConstructorResolver.instantiateUsingFactoryMethod(ConstructorResolver.java:475) ~[spring-beans-5.2.0.RC2.jar:5.2.0.RC2]
	at org.springframework.beans.factory.support.AbstractAutowireCapableBeanFactory.instantiateUsingFactoryMethod(AbstractAutowireCapableBeanFactory.java:1339) ~[spring-beans-5.2.0.RC2.jar:5.2.0.RC2]
	at org.springframework.beans.factory.support.AbstractAutowireCapableBeanFactory.createBeanInstance(AbstractAutowireCapableBeanFactory.java:1178) ~[spring-beans-5.2.0.RC2.jar:5.2.0.RC2]
	at org.springframework.beans.factory.support.AbstractAutowireCapableBeanFactory.doCreateBean(AbstractAutowireCapableBeanFactory.java:557) ~[spring-beans-5.2.0.RC2.jar:5.2.0.RC2]
	at org.springframework.beans.factory.support.AbstractAutowireCapableBeanFactory.createBean(AbstractAutowireCapableBeanFactory.java:517) ~[spring-beans-5.2.0.RC2.jar:5.2.0.RC2]
	at org.springframework.beans.factory.support.AbstractBeanFactory.lambda$doGetBean$0(AbstractBeanFactory.java:323) ~[spring-beans-5.2.0.RC2.jar:5.2.0.RC2]
	at org.springframework.beans.factory.support.DefaultSingletonBeanRegistry.getSingleton(DefaultSingletonBeanRegistry.java:222) ~[spring-beans-5.2.0.RC2.jar:5.2.0.RC2]
	at org.springframework.beans.factory.support.AbstractBeanFactory.doGetBean(AbstractBeanFactory.java:321) ~[spring-beans-5.2.0.RC2.jar:5.2.0.RC2]
	at org.springframework.beans.factory.support.AbstractBeanFactory.getBean(AbstractBeanFactory.java:202) ~[spring-beans-5.2.0.RC2.jar:5.2.0.RC2]
	at org.springframework.beans.factory.config.DependencyDescriptor.resolveCandidate(DependencyDescriptor.java:276) ~[spring-beans-5.2.0.RC2.jar:5.2.0.RC2]
	at org.springframework.beans.factory.support.DefaultListableBeanFactory.doResolveDependency(DefaultListableBeanFactory.java:1284) ~[spring-beans-5.2.0.RC2.jar:5.2.0.RC2]
	at org.springframework.beans.factory.support.DefaultListableBeanFactory.resolveDependency(DefaultListableBeanFactory.java:1204) ~[spring-beans-5.2.0.RC2.jar:5.2.0.RC2]
	at org.springframework.beans.factory.support.ConstructorResolver.resolveAutowiredArgument(ConstructorResolver.java:874) ~[spring-beans-5.2.0.RC2.jar:5.2.0.RC2]
	at org.springframework.beans.factory.support.ConstructorResolver.createArgumentArray(ConstructorResolver.java:778) ~[spring-beans-5.2.0.RC2.jar:5.2.0.RC2]
	... 83 common frames omitted
Caused by: org.springframework.beans.BeanInstantiationException: Failed to instantiate [org.springframework.data.repository.support.Repositories]: Factory method 'repositories' threw exception; nested exception is org.springframework.beans.factory.BeanCreationException: Error creating bean with name 'celcsaEmployeeRepo': Invocation of init method failed; nested exception is org.springframework.data.mapping.MappingException: Couldn't find PersistentEntity for type class java.lang.String!
	at org.springframework.beans.factory.support.SimpleInstantiationStrategy.instantiate(SimpleInstantiationStrategy.java:185) ~[spring-beans-5.2.0.RC2.jar:5.2.0.RC2]
	at org.springframework.beans.factory.support.ConstructorResolver.instantiate(ConstructorResolver.java:640) ~[spring-beans-5.2.0.RC2.jar:5.2.0.RC2]
	... 97 common frames omitted
Caused by: org.springframework.beans.factory.BeanCreationException: Error creating bean with name 'celcsaEmployeeRepo': Invocation of init method failed; nested exception is org.springframework.data.mapping.MappingException: Couldn't find PersistentEntity for type class java.lang.String!
	at org.springframework.beans.factory.support.AbstractAutowireCapableBeanFactory.initializeBean(AbstractAutowireCapableBeanFactory.java:1804) ~[spring-beans-5.2.0.RC2.jar:5.2.0.RC2]
	at org.springframework.beans.factory.support.AbstractAutowireCapableBeanFactory.doCreateBean(AbstractAutowireCapableBeanFactory.java:595) ~[spring-beans-5.2.0.RC2.jar:5.2.0.RC2]
	at org.springframework.beans.factory.support.AbstractAutowireCapableBeanFactory.createBean(AbstractAutowireCapableBeanFactory.java:517) ~[spring-beans-5.2.0.RC2.jar:5.2.0.RC2]
	at org.springframework.beans.factory.support.AbstractBeanFactory.lambda$doGetBean$0(AbstractBeanFactory.java:323) ~[spring-beans-5.2.0.RC2.jar:5.2.0.RC2]
	at org.springframework.beans.factory.support.DefaultSingletonBeanRegistry.getSingleton(DefaultSingletonBeanRegistry.java:222) ~[spring-beans-5.2.0.RC2.jar:5.2.0.RC2]
	at org.springframework.beans.factory.support.AbstractBeanFactory.doGetBean(AbstractBeanFactory.java:321) ~[spring-beans-5.2.0.RC2.jar:5.2.0.RC2]
	at org.springframework.beans.factory.support.AbstractBeanFactory.getBean(AbstractBeanFactory.java:207) ~[spring-beans-5.2.0.RC2.jar:5.2.0.RC2]
	at org.springframework.context.support.AbstractApplicationContext.getBean(AbstractApplicationContext.java:1111) ~[spring-context-5.2.0.RC2.jar:5.2.0.RC2]
	at org.springframework.data.repository.support.Repositories.cacheRepositoryFactory(Repositories.java:99) ~[spring-data-commons-2.2.0.RC3.jar:2.2.0.RC3]
	at org.springframework.data.repository.support.Repositories.populateRepositoryFactoryInformation(Repositories.java:92) ~[spring-data-commons-2.2.0.RC3.jar:2.2.0.RC3]
	at org.springframework.data.repository.support.Repositories.<init>(Repositories.java:85) ~[spring-data-commons-2.2.0.RC3.jar:2.2.0.RC3]
	at org.springframework.data.rest.webmvc.config.RepositoryRestMvcConfiguration.repositories(RepositoryRestMvcConfiguration.java:212) ~[spring-data-rest-webmvc-3.2.0.RC3.jar:3.2.0.RC3]
	at org.springframework.data.rest.webmvc.config.RepositoryRestMvcConfiguration$$EnhancerBySpringCGLIB$$9059b84e.CGLIB$repositories$41(<generated>) ~[spring-data-rest-webmvc-3.2.0.RC3.jar:3.2.0.RC3]
	at org.springframework.data.rest.webmvc.config.RepositoryRestMvcConfiguration$$EnhancerBySpringCGLIB$$9059b84e$$FastClassBySpringCGLIB$$1d85e880.invoke(<generated>) ~[spring-data-rest-webmvc-3.2.0.RC3.jar:3.2.0.RC3]
	at org.springframework.cglib.proxy.MethodProxy.invokeSuper(MethodProxy.java:244) ~[spring-core-5.2.0.RC2.jar:5.2.0.RC2]
	at org.springframework.context.annotation.ConfigurationClassEnhancer$BeanMethodInterceptor.intercept(ConfigurationClassEnhancer.java:363) ~[spring-context-5.2.0.RC2.jar:5.2.0.RC2]
	at org.springframework.data.rest.webmvc.config.RepositoryRestMvcConfiguration$$EnhancerBySpringCGLIB$$9059b84e.repositories(<generated>) ~[spring-data-rest-webmvc-3.2.0.RC3.jar:3.2.0.RC3]
	at sun.reflect.NativeMethodAccessorImpl.invoke0(Native Method) ~[na:1.8.0_222-4-redhat]
	at sun.reflect.NativeMethodAccessorImpl.invoke(NativeMethodAccessorImpl.java:62) ~[na:1.8.0_222-4-redhat]
	at sun.reflect.DelegatingMethodAccessorImpl.invoke(DelegatingMethodAccessorImpl.java:43) ~[na:1.8.0_222-4-redhat]
	at java.lang.reflect.Method.invoke(Method.java:498) ~[na:1.8.0_222-4-redhat]
	at org.springframework.beans.factory.support.SimpleInstantiationStrategy.instantiate(SimpleInstantiationStrategy.java:154) ~[spring-beans-5.2.0.RC2.jar:5.2.0.RC2]
	... 98 common frames omitted
Caused by: org.springframework.data.mapping.MappingException: Couldn't find PersistentEntity for type class java.lang.String!
	at org.springframework.data.mapping.context.MappingContext.getRequiredPersistentEntity(MappingContext.java:79) ~[spring-data-commons-2.2.0.RC3.jar:2.2.0.RC3]
	at org.springframework.data.mongodb.repository.support.ReactiveMongoRepositoryFactory.getEntityInformation(ReactiveMongoRepositoryFactory.java:148) ~[spring-data-mongodb-2.2.0.RC3.jar:2.2.0.RC3]
	at org.springframework.data.mongodb.repository.support.ReactiveMongoRepositoryFactory.getTargetRepository(ReactiveMongoRepositoryFactory.java:121) ~[spring-data-mongodb-2.2.0.RC3.jar:2.2.0.RC3]
	at org.springframework.data.repository.core.support.RepositoryFactorySupport.getRepository(RepositoryFactorySupport.java:312) ~[spring-data-commons-2.2.0.RC3.jar:2.2.0.RC3]
	at org.springframework.data.repository.core.support.RepositoryFactoryBeanSupport.lambda$afterPropertiesSet$5(RepositoryFactoryBeanSupport.java:297) ~[spring-data-commons-2.2.0.RC3.jar:2.2.0.RC3]
	at org.springframework.data.util.Lazy.getNullable(Lazy.java:212) ~[spring-data-commons-2.2.0.RC3.jar:2.2.0.RC3]
	at org.springframework.data.util.Lazy.get(Lazy.java:94) ~[spring-data-commons-2.2.0.RC3.jar:2.2.0.RC3]
	at org.springframework.data.repository.core.support.RepositoryFactoryBeanSupport.afterPropertiesSet(RepositoryFactoryBeanSupport.java:300) ~[spring-data-commons-2.2.0.RC3.jar:2.2.0.RC3]
	at org.springframework.data.mongodb.repository.support.ReactiveMongoRepositoryFactoryBean.afterPropertiesSet(ReactiveMongoRepositoryFactoryBean.java:124) ~[spring-data-mongodb-2.2.0.RC3.jar:2.2.0.RC3]
	at org.springframework.beans.factory.support.AbstractAutowireCapableBeanFactory.invokeInitMethods(AbstractAutowireCapableBeanFactory.java:1863) ~[spring-beans-5.2.0.RC2.jar:5.2.0.RC2]
	at org.springframework.beans.factory.support.AbstractAutowireCapableBeanFactory.initializeBean(AbstractAutowireCapableBeanFactory.java:1800) ~[spring-beans-5.2.0.RC2.jar:5.2.0.RC2]
	... 119 common frames omitted

2019-09-16 18:27:35.523 ERROR 22152 --- [           main] o.s.test.context.TestContextManager      : Caught exception while allowing TestExecutionListener [org.springframework.test.context.web.ServletTestExecutionListener@76b1e9b8] to prepare test instance [com.celcsa.payroll.CelcsaEmployeeRepoTest@5a917723]

java.lang.IllegalStateException: Failed to load ApplicationContext
	at org.springframework.test.context.cache.DefaultCacheAwareContextLoaderDelegate.loadContext(DefaultCacheAwareContextLoaderDelegate.java:132) ~[spring-test-5.2.0.RC2.jar:5.2.0.RC2]
	at org.springframework.test.context.support.DefaultTestContext.getApplicationContext(DefaultTestContext.java:123) ~[spring-test-5.2.0.RC2.jar:5.2.0.RC2]
	at org.springframework.test.context.web.ServletTestExecutionListener.setUpRequestContextIfNecessary(ServletTestExecutionListener.java:190) ~[spring-test-5.2.0.RC2.jar:5.2.0.RC2]
	at org.springframework.test.context.web.ServletTestExecutionListener.prepareTestInstance(ServletTestExecutionListener.java:132) ~[spring-test-5.2.0.RC2.jar:5.2.0.RC2]
	at org.springframework.test.context.TestContextManager.prepareTestInstance(TestContextManager.java:244) ~[spring-test-5.2.0.RC2.jar:5.2.0.RC2]
	at org.springframework.test.context.junit.jupiter.SpringExtension.postProcessTestInstance(SpringExtension.java:98) [spring-test-5.2.0.RC2.jar:5.2.0.RC2]
	at org.junit.jupiter.engine.descriptor.ClassBasedTestDescriptor.lambda$invokeTestInstancePostProcessors$5(ClassBasedTestDescriptor.java:337) [junit-jupiter-engine-5.5.2.jar:5.5.2]
	at org.junit.jupiter.engine.descriptor.ClassBasedTestDescriptor.executeAndMaskThrowable(ClassBasedTestDescriptor.java:342) [junit-jupiter-engine-5.5.2.jar:5.5.2]
	at org.junit.jupiter.engine.descriptor.ClassBasedTestDescriptor.lambda$invokeTestInstancePostProcessors$6(ClassBasedTestDescriptor.java:337) [junit-jupiter-engine-5.5.2.jar:5.5.2]
	at java.util.stream.ReferencePipeline$3$1.accept(ReferencePipeline.java:193) ~[na:1.8.0_222-4-redhat]
	at java.util.stream.ReferencePipeline$2$1.accept(ReferencePipeline.java:175) ~[na:1.8.0_222-4-redhat]
	at java.util.ArrayList$ArrayListSpliterator.forEachRemaining(ArrayList.java:1382) ~[na:1.8.0_222-4-redhat]
	at java.util.stream.AbstractPipeline.copyInto(AbstractPipeline.java:482) ~[na:1.8.0_222-4-redhat]
	at java.util.stream.AbstractPipeline.wrapAndCopyInto(AbstractPipeline.java:472) ~[na:1.8.0_222-4-redhat]
	at java.util.stream.StreamSpliterators$WrappingSpliterator.forEachRemaining(StreamSpliterators.java:313) ~[na:1.8.0_222-4-redhat]
	at java.util.stream.Streams$ConcatSpliterator.forEachRemaining(Streams.java:743) ~[na:1.8.0_222-4-redhat]
	at java.util.stream.Streams$ConcatSpliterator.forEachRemaining(Streams.java:742) ~[na:1.8.0_222-4-redhat]
	at java.util.stream.ReferencePipeline$Head.forEach(ReferencePipeline.java:647) ~[na:1.8.0_222-4-redhat]
	at org.junit.jupiter.engine.descriptor.ClassBasedTestDescriptor.invokeTestInstancePostProcessors(ClassBasedTestDescriptor.java:336) [junit-jupiter-engine-5.5.2.jar:5.5.2]
	at org.junit.jupiter.engine.descriptor.ClassBasedTestDescriptor.instantiateAndPostProcessTestInstance(ClassBasedTestDescriptor.java:259) [junit-jupiter-engine-5.5.2.jar:5.5.2]
	at org.junit.jupiter.engine.descriptor.ClassBasedTestDescriptor.lambda$testInstancesProvider$2(ClassBasedTestDescriptor.java:252) [junit-jupiter-engine-5.5.2.jar:5.5.2]
	at java.util.Optional.orElseGet(Optional.java:267) ~[na:1.8.0_222-4-redhat]
	at org.junit.jupiter.engine.descriptor.ClassBasedTestDescriptor.lambda$testInstancesProvider$3(ClassBasedTestDescriptor.java:251) [junit-jupiter-engine-5.5.2.jar:5.5.2]
	at org.junit.jupiter.engine.execution.TestInstancesProvider.getTestInstances(TestInstancesProvider.java:29) ~[junit-jupiter-engine-5.5.2.jar:5.5.2]
	at org.junit.jupiter.engine.descriptor.TestMethodTestDescriptor.lambda$prepare$0(TestMethodTestDescriptor.java:106) ~[junit-jupiter-engine-5.5.2.jar:5.5.2]
	at org.junit.platform.engine.support.hierarchical.ThrowableCollector.execute(ThrowableCollector.java:73) ~[junit-platform-engine-1.5.2.jar:1.5.2]
	at org.junit.jupiter.engine.descriptor.TestMethodTestDescriptor.prepare(TestMethodTestDescriptor.java:105) ~[junit-jupiter-engine-5.5.2.jar:5.5.2]
	at org.junit.jupiter.engine.descriptor.TestMethodTestDescriptor.prepare(TestMethodTestDescriptor.java:69) ~[junit-jupiter-engine-5.5.2.jar:5.5.2]
	at org.junit.platform.engine.support.hierarchical.NodeTestTask.lambda$prepare$1(NodeTestTask.java:107) ~[junit-platform-engine-1.5.2.jar:1.5.2]
	at org.junit.platform.engine.support.hierarchical.ThrowableCollector.execute(ThrowableCollector.java:73) ~[junit-platform-engine-1.5.2.jar:1.5.2]
	at org.junit.platform.engine.support.hierarchical.NodeTestTask.prepare(NodeTestTask.java:107) ~[junit-platform-engine-1.5.2.jar:1.5.2]
	at org.junit.platform.engine.support.hierarchical.NodeTestTask.execute(NodeTestTask.java:75) ~[junit-platform-engine-1.5.2.jar:1.5.2]
	at java.util.ArrayList.forEach(ArrayList.java:1257) ~[na:1.8.0_222-4-redhat]
	at org.junit.platform.engine.support.hierarchical.SameThreadHierarchicalTestExecutorService.invokeAll(SameThreadHierarchicalTestExecutorService.java:38) ~[junit-platform-engine-1.5.2.jar:1.5.2]
	at org.junit.platform.engine.support.hierarchical.NodeTestTask.lambda$executeRecursively$5(NodeTestTask.java:139) ~[junit-platform-engine-1.5.2.jar:1.5.2]
	at org.junit.platform.engine.support.hierarchical.ThrowableCollector.execute(ThrowableCollector.java:73) ~[junit-platform-engine-1.5.2.jar:1.5.2]
	at org.junit.platform.engine.support.hierarchical.NodeTestTask.lambda$executeRecursively$7(NodeTestTask.java:125) ~[junit-platform-engine-1.5.2.jar:1.5.2]
	at org.junit.platform.engine.support.hierarchical.Node.around(Node.java:135) ~[junit-platform-engine-1.5.2.jar:1.5.2]
	at org.junit.platform.engine.support.hierarchical.NodeTestTask.lambda$executeRecursively$8(NodeTestTask.java:123) ~[junit-platform-engine-1.5.2.jar:1.5.2]
	at org.junit.platform.engine.support.hierarchical.ThrowableCollector.execute(ThrowableCollector.java:73) ~[junit-platform-engine-1.5.2.jar:1.5.2]
	at org.junit.platform.engine.support.hierarchical.NodeTestTask.executeRecursively(NodeTestTask.java:122) ~[junit-platform-engine-1.5.2.jar:1.5.2]
	at org.junit.platform.engine.support.hierarchical.NodeTestTask.execute(NodeTestTask.java:80) ~[junit-platform-engine-1.5.2.jar:1.5.2]
	at java.util.ArrayList.forEach(ArrayList.java:1257) ~[na:1.8.0_222-4-redhat]
	at org.junit.platform.engine.support.hierarchical.SameThreadHierarchicalTestExecutorService.invokeAll(SameThreadHierarchicalTestExecutorService.java:38) ~[junit-platform-engine-1.5.2.jar:1.5.2]
	at org.junit.platform.engine.support.hierarchical.NodeTestTask.lambda$executeRecursively$5(NodeTestTask.java:139) ~[junit-platform-engine-1.5.2.jar:1.5.2]
	at org.junit.platform.engine.support.hierarchical.ThrowableCollector.execute(ThrowableCollector.java:73) ~[junit-platform-engine-1.5.2.jar:1.5.2]
	at org.junit.platform.engine.support.hierarchical.NodeTestTask.lambda$executeRecursively$7(NodeTestTask.java:125) ~[junit-platform-engine-1.5.2.jar:1.5.2]
	at org.junit.platform.engine.support.hierarchical.Node.around(Node.java:135) ~[junit-platform-engine-1.5.2.jar:1.5.2]
	at org.junit.platform.engine.support.hierarchical.NodeTestTask.lambda$executeRecursively$8(NodeTestTask.java:123) ~[junit-platform-engine-1.5.2.jar:1.5.2]
	at org.junit.platform.engine.support.hierarchical.ThrowableCollector.execute(ThrowableCollector.java:73) ~[junit-platform-engine-1.5.2.jar:1.5.2]
	at org.junit.platform.engine.support.hierarchical.NodeTestTask.executeRecursively(NodeTestTask.java:122) ~[junit-platform-engine-1.5.2.jar:1.5.2]
	at org.junit.platform.engine.support.hierarchical.NodeTestTask.execute(NodeTestTask.java:80) ~[junit-platform-engine-1.5.2.jar:1.5.2]
	at org.junit.platform.engine.support.hierarchical.SameThreadHierarchicalTestExecutorService.submit(SameThreadHierarchicalTestExecutorService.java:32) ~[junit-platform-engine-1.5.2.jar:1.5.2]
	at org.junit.platform.engine.support.hierarchical.HierarchicalTestExecutor.execute(HierarchicalTestExecutor.java:57) ~[junit-platform-engine-1.5.2.jar:1.5.2]
	at org.junit.platform.engine.support.hierarchical.HierarchicalTestEngine.execute(HierarchicalTestEngine.java:51) ~[junit-platform-engine-1.5.2.jar:1.5.2]
	at org.junit.platform.launcher.core.DefaultLauncher.execute(DefaultLauncher.java:220) ~[junit-platform-launcher-1.3.1.jar:1.3.1]
	at org.junit.platform.launcher.core.DefaultLauncher.lambda$execute$6(DefaultLauncher.java:188) ~[junit-platform-launcher-1.3.1.jar:1.3.1]
	at org.junit.platform.launcher.core.DefaultLauncher.withInterceptedStreams(DefaultLauncher.java:202) ~[junit-platform-launcher-1.3.1.jar:1.3.1]
	at org.junit.platform.launcher.core.DefaultLauncher.execute(DefaultLauncher.java:181) ~[junit-platform-launcher-1.3.1.jar:1.3.1]
	at org.junit.platform.launcher.core.DefaultLauncher.execute(DefaultLauncher.java:128) ~[junit-platform-launcher-1.3.1.jar:1.3.1]
	at org.apache.maven.surefire.junitplatform.JUnitPlatformProvider.invokeAllTests(JUnitPlatformProvider.java:150) ~[surefire-junit-platform-2.22.2.jar:2.22.2]
	at org.apache.maven.surefire.junitplatform.JUnitPlatformProvider.invoke(JUnitPlatformProvider.java:124) ~[surefire-junit-platform-2.22.2.jar:2.22.2]
	at org.apache.maven.surefire.booter.ForkedBooter.invokeProviderInSameClassLoader(ForkedBooter.java:384) ~[surefire-booter-2.22.2.jar:2.22.2]
	at org.apache.maven.surefire.booter.ForkedBooter.runSuitesInProcess(ForkedBooter.java:345) ~[surefire-booter-2.22.2.jar:2.22.2]
	at org.apache.maven.surefire.booter.ForkedBooter.execute(ForkedBooter.java:126) ~[surefire-booter-2.22.2.jar:2.22.2]
	at org.apache.maven.surefire.booter.ForkedBooter.main(ForkedBooter.java:418) ~[surefire-booter-2.22.2.jar:2.22.2]
Caused by: org.springframework.beans.factory.UnsatisfiedDependencyException: Error creating bean with name 'repositoryPropertyReferenceController' defined in URL [jar:file:/C:/Users/crles/.m2/repository/org/springframework/data/spring-data-rest-webmvc/3.2.0.RC3/spring-data-rest-webmvc-3.2.0.RC3.jar!/org/springframework/data/rest/webmvc/RepositoryPropertyReferenceController.class]: Unsatisfied dependency expressed through constructor parameter 0; nested exception is org.springframework.beans.factory.BeanCreationException: Error creating bean with name 'repositories' defined in class path resource [org/springframework/data/rest/webmvc/config/RepositoryRestMvcConfiguration.class]: Bean instantiation via factory method failed; nested exception is org.springframework.beans.BeanInstantiationException: Failed to instantiate [org.springframework.data.repository.support.Repositories]: Factory method 'repositories' threw exception; nested exception is org.springframework.beans.factory.BeanCreationException: Error creating bean with name 'celcsaEmployeeRepo': Invocation of init method failed; nested exception is org.springframework.data.mapping.MappingException: Couldn't find PersistentEntity for type class java.lang.String!
	at org.springframework.beans.factory.support.ConstructorResolver.createArgumentArray(ConstructorResolver.java:787) ~[spring-beans-5.2.0.RC2.jar:5.2.0.RC2]
	at org.springframework.beans.factory.support.ConstructorResolver.autowireConstructor(ConstructorResolver.java:226) ~[spring-beans-5.2.0.RC2.jar:5.2.0.RC2]
	at org.springframework.beans.factory.support.AbstractAutowireCapableBeanFactory.autowireConstructor(AbstractAutowireCapableBeanFactory.java:1359) ~[spring-beans-5.2.0.RC2.jar:5.2.0.RC2]
	at org.springframework.beans.factory.support.AbstractAutowireCapableBeanFactory.createBeanInstance(AbstractAutowireCapableBeanFactory.java:1205) ~[spring-beans-5.2.0.RC2.jar:5.2.0.RC2]
	at org.springframework.beans.factory.support.AbstractAutowireCapableBeanFactory.doCreateBean(AbstractAutowireCapableBeanFactory.java:557) ~[spring-beans-5.2.0.RC2.jar:5.2.0.RC2]
	at org.springframework.beans.factory.support.AbstractAutowireCapableBeanFactory.createBean(AbstractAutowireCapableBeanFactory.java:517) ~[spring-beans-5.2.0.RC2.jar:5.2.0.RC2]
	at org.springframework.beans.factory.support.AbstractBeanFactory.lambda$doGetBean$0(AbstractBeanFactory.java:323) ~[spring-beans-5.2.0.RC2.jar:5.2.0.RC2]
	at org.springframework.beans.factory.support.DefaultSingletonBeanRegistry.getSingleton(DefaultSingletonBeanRegistry.java:222) ~[spring-beans-5.2.0.RC2.jar:5.2.0.RC2]
	at org.springframework.beans.factory.support.AbstractBeanFactory.doGetBean(AbstractBeanFactory.java:321) ~[spring-beans-5.2.0.RC2.jar:5.2.0.RC2]
	at org.springframework.beans.factory.support.AbstractBeanFactory.getBean(AbstractBeanFactory.java:202) ~[spring-beans-5.2.0.RC2.jar:5.2.0.RC2]
	at org.springframework.beans.factory.support.DefaultListableBeanFactory.preInstantiateSingletons(DefaultListableBeanFactory.java:878) ~[spring-beans-5.2.0.RC2.jar:5.2.0.RC2]
	at org.springframework.context.support.AbstractApplicationContext.finishBeanFactoryInitialization(AbstractApplicationContext.java:877) ~[spring-context-5.2.0.RC2.jar:5.2.0.RC2]
	at org.springframework.context.support.AbstractApplicationContext.refresh(AbstractApplicationContext.java:549) ~[spring-context-5.2.0.RC2.jar:5.2.0.RC2]
	at org.springframework.boot.SpringApplication.refresh(SpringApplication.java:747) ~[spring-boot-2.2.0.M6.jar:2.2.0.M6]
	at org.springframework.boot.SpringApplication.refreshContext(SpringApplication.java:397) ~[spring-boot-2.2.0.M6.jar:2.2.0.M6]
	at org.springframework.boot.SpringApplication.run(SpringApplication.java:315) ~[spring-boot-2.2.0.M6.jar:2.2.0.M6]
	at org.springframework.boot.test.context.SpringBootContextLoader.loadContext(SpringBootContextLoader.java:125) ~[spring-boot-test-2.2.0.M6.jar:2.2.0.M6]
	at org.springframework.test.context.cache.DefaultCacheAwareContextLoaderDelegate.loadContextInternal(DefaultCacheAwareContextLoaderDelegate.java:99) ~[spring-test-5.2.0.RC2.jar:5.2.0.RC2]
	at org.springframework.test.context.cache.DefaultCacheAwareContextLoaderDelegate.loadContext(DefaultCacheAwareContextLoaderDelegate.java:124) ~[spring-test-5.2.0.RC2.jar:5.2.0.RC2]
	... 65 common frames omitted
Caused by: org.springframework.beans.factory.BeanCreationException: Error creating bean with name 'repositories' defined in class path resource [org/springframework/data/rest/webmvc/config/RepositoryRestMvcConfiguration.class]: Bean instantiation via factory method failed; nested exception is org.springframework.beans.BeanInstantiationException: Failed to instantiate [org.springframework.data.repository.support.Repositories]: Factory method 'repositories' threw exception; nested exception is org.springframework.beans.factory.BeanCreationException: Error creating bean with name 'celcsaEmployeeRepo': Invocation of init method failed; nested exception is org.springframework.data.mapping.MappingException: Couldn't find PersistentEntity for type class java.lang.String!
	at org.springframework.beans.factory.support.ConstructorResolver.instantiate(ConstructorResolver.java:645) ~[spring-beans-5.2.0.RC2.jar:5.2.0.RC2]
	at org.springframework.beans.factory.support.ConstructorResolver.instantiateUsingFactoryMethod(ConstructorResolver.java:475) ~[spring-beans-5.2.0.RC2.jar:5.2.0.RC2]
	at org.springframework.beans.factory.support.AbstractAutowireCapableBeanFactory.instantiateUsingFactoryMethod(AbstractAutowireCapableBeanFactory.java:1339) ~[spring-beans-5.2.0.RC2.jar:5.2.0.RC2]
	at org.springframework.beans.factory.support.AbstractAutowireCapableBeanFactory.createBeanInstance(AbstractAutowireCapableBeanFactory.java:1178) ~[spring-beans-5.2.0.RC2.jar:5.2.0.RC2]
	at org.springframework.beans.factory.support.AbstractAutowireCapableBeanFactory.doCreateBean(AbstractAutowireCapableBeanFactory.java:557) ~[spring-beans-5.2.0.RC2.jar:5.2.0.RC2]
	at org.springframework.beans.factory.support.AbstractAutowireCapableBeanFactory.createBean(AbstractAutowireCapableBeanFactory.java:517) ~[spring-beans-5.2.0.RC2.jar:5.2.0.RC2]
	at org.springframework.beans.factory.support.AbstractBeanFactory.lambda$doGetBean$0(AbstractBeanFactory.java:323) ~[spring-beans-5.2.0.RC2.jar:5.2.0.RC2]
	at org.springframework.beans.factory.support.DefaultSingletonBeanRegistry.getSingleton(DefaultSingletonBeanRegistry.java:222) ~[spring-beans-5.2.0.RC2.jar:5.2.0.RC2]
	at org.springframework.beans.factory.support.AbstractBeanFactory.doGetBean(AbstractBeanFactory.java:321) ~[spring-beans-5.2.0.RC2.jar:5.2.0.RC2]
	at org.springframework.beans.factory.support.AbstractBeanFactory.getBean(AbstractBeanFactory.java:202) ~[spring-beans-5.2.0.RC2.jar:5.2.0.RC2]
	at org.springframework.beans.factory.config.DependencyDescriptor.resolveCandidate(DependencyDescriptor.java:276) ~[spring-beans-5.2.0.RC2.jar:5.2.0.RC2]
	at org.springframework.beans.factory.support.DefaultListableBeanFactory.doResolveDependency(DefaultListableBeanFactory.java:1284) ~[spring-beans-5.2.0.RC2.jar:5.2.0.RC2]
	at org.springframework.beans.factory.support.DefaultListableBeanFactory.resolveDependency(DefaultListableBeanFactory.java:1204) ~[spring-beans-5.2.0.RC2.jar:5.2.0.RC2]
	at org.springframework.beans.factory.support.ConstructorResolver.resolveAutowiredArgument(ConstructorResolver.java:874) ~[spring-beans-5.2.0.RC2.jar:5.2.0.RC2]
	at org.springframework.beans.factory.support.ConstructorResolver.createArgumentArray(ConstructorResolver.java:778) ~[spring-beans-5.2.0.RC2.jar:5.2.0.RC2]
	... 83 common frames omitted
Caused by: org.springframework.beans.BeanInstantiationException: Failed to instantiate [org.springframework.data.repository.support.Repositories]: Factory method 'repositories' threw exception; nested exception is org.springframework.beans.factory.BeanCreationException: Error creating bean with name 'celcsaEmployeeRepo': Invocation of init method failed; nested exception is org.springframework.data.mapping.MappingException: Couldn't find PersistentEntity for type class java.lang.String!
	at org.springframework.beans.factory.support.SimpleInstantiationStrategy.instantiate(SimpleInstantiationStrategy.java:185) ~[spring-beans-5.2.0.RC2.jar:5.2.0.RC2]
	at org.springframework.beans.factory.support.ConstructorResolver.instantiate(ConstructorResolver.java:640) ~[spring-beans-5.2.0.RC2.jar:5.2.0.RC2]
	... 97 common frames omitted
Caused by: org.springframework.beans.factory.BeanCreationException: Error creating bean with name 'celcsaEmployeeRepo': Invocation of init method failed; nested exception is org.springframework.data.mapping.MappingException: Couldn't find PersistentEntity for type class java.lang.String!
	at org.springframework.beans.factory.support.AbstractAutowireCapableBeanFactory.initializeBean(AbstractAutowireCapableBeanFactory.java:1804) ~[spring-beans-5.2.0.RC2.jar:5.2.0.RC2]
	at org.springframework.beans.factory.support.AbstractAutowireCapableBeanFactory.doCreateBean(AbstractAutowireCapableBeanFactory.java:595) ~[spring-beans-5.2.0.RC2.jar:5.2.0.RC2]
	at org.springframework.beans.factory.support.AbstractAutowireCapableBeanFactory.createBean(AbstractAutowireCapableBeanFactory.java:517) ~[spring-beans-5.2.0.RC2.jar:5.2.0.RC2]
	at org.springframework.beans.factory.support.AbstractBeanFactory.lambda$doGetBean$0(AbstractBeanFactory.java:323) ~[spring-beans-5.2.0.RC2.jar:5.2.0.RC2]
	at org.springframework.beans.factory.support.DefaultSingletonBeanRegistry.getSingleton(DefaultSingletonBeanRegistry.java:222) ~[spring-beans-5.2.0.RC2.jar:5.2.0.RC2]
	at org.springframework.beans.factory.support.AbstractBeanFactory.doGetBean(AbstractBeanFactory.java:321) ~[spring-beans-5.2.0.RC2.jar:5.2.0.RC2]
	at org.springframework.beans.factory.support.AbstractBeanFactory.getBean(AbstractBeanFactory.java:207) ~[spring-beans-5.2.0.RC2.jar:5.2.0.RC2]
	at org.springframework.context.support.AbstractApplicationContext.getBean(AbstractApplicationContext.java:1111) ~[spring-context-5.2.0.RC2.jar:5.2.0.RC2]
	at org.springframework.data.repository.support.Repositories.cacheRepositoryFactory(Repositories.java:99) ~[spring-data-commons-2.2.0.RC3.jar:2.2.0.RC3]
	at org.springframework.data.repository.support.Repositories.populateRepositoryFactoryInformation(Repositories.java:92) ~[spring-data-commons-2.2.0.RC3.jar:2.2.0.RC3]
	at org.springframework.data.repository.support.Repositories.<init>(Repositories.java:85) ~[spring-data-commons-2.2.0.RC3.jar:2.2.0.RC3]
	at org.springframework.data.rest.webmvc.config.RepositoryRestMvcConfiguration.repositories(RepositoryRestMvcConfiguration.java:212) ~[spring-data-rest-webmvc-3.2.0.RC3.jar:3.2.0.RC3]
	at org.springframework.data.rest.webmvc.config.RepositoryRestMvcConfiguration$$EnhancerBySpringCGLIB$$9059b84e.CGLIB$repositories$41(<generated>) ~[spring-data-rest-webmvc-3.2.0.RC3.jar:3.2.0.RC3]
	at org.springframework.data.rest.webmvc.config.RepositoryRestMvcConfiguration$$EnhancerBySpringCGLIB$$9059b84e$$FastClassBySpringCGLIB$$1d85e880.invoke(<generated>) ~[spring-data-rest-webmvc-3.2.0.RC3.jar:3.2.0.RC3]
	at org.springframework.cglib.proxy.MethodProxy.invokeSuper(MethodProxy.java:244) ~[spring-core-5.2.0.RC2.jar:5.2.0.RC2]
	at org.springframework.context.annotation.ConfigurationClassEnhancer$BeanMethodInterceptor.intercept(ConfigurationClassEnhancer.java:363) ~[spring-context-5.2.0.RC2.jar:5.2.0.RC2]
	at org.springframework.data.rest.webmvc.config.RepositoryRestMvcConfiguration$$EnhancerBySpringCGLIB$$9059b84e.repositories(<generated>) ~[spring-data-rest-webmvc-3.2.0.RC3.jar:3.2.0.RC3]
	at sun.reflect.NativeMethodAccessorImpl.invoke0(Native Method) ~[na:1.8.0_222-4-redhat]
	at sun.reflect.NativeMethodAccessorImpl.invoke(NativeMethodAccessorImpl.java:62) ~[na:1.8.0_222-4-redhat]
	at sun.reflect.DelegatingMethodAccessorImpl.invoke(DelegatingMethodAccessorImpl.java:43) ~[na:1.8.0_222-4-redhat]
	at java.lang.reflect.Method.invoke(Method.java:498) ~[na:1.8.0_222-4-redhat]
	at org.springframework.beans.factory.support.SimpleInstantiationStrategy.instantiate(SimpleInstantiationStrategy.java:154) ~[spring-beans-5.2.0.RC2.jar:5.2.0.RC2]
	... 98 common frames omitted
Caused by: org.springframework.data.mapping.MappingException: Couldn't find PersistentEntity for type class java.lang.String!
	at org.springframework.data.mapping.context.MappingContext.getRequiredPersistentEntity(MappingContext.java:79) ~[spring-data-commons-2.2.0.RC3.jar:2.2.0.RC3]
	at org.springframework.data.mongodb.repository.support.ReactiveMongoRepositoryFactory.getEntityInformation(ReactiveMongoRepositoryFactory.java:148) ~[spring-data-mongodb-2.2.0.RC3.jar:2.2.0.RC3]
	at org.springframework.data.mongodb.repository.support.ReactiveMongoRepositoryFactory.getTargetRepository(ReactiveMongoRepositoryFactory.java:121) ~[spring-data-mongodb-2.2.0.RC3.jar:2.2.0.RC3]
	at org.springframework.data.repository.core.support.RepositoryFactorySupport.getRepository(RepositoryFactorySupport.java:312) ~[spring-data-commons-2.2.0.RC3.jar:2.2.0.RC3]
	at org.springframework.data.repository.core.support.RepositoryFactoryBeanSupport.lambda$afterPropertiesSet$5(RepositoryFactoryBeanSupport.java:297) ~[spring-data-commons-2.2.0.RC3.jar:2.2.0.RC3]
	at org.springframework.data.util.Lazy.getNullable(Lazy.java:212) ~[spring-data-commons-2.2.0.RC3.jar:2.2.0.RC3]
	at org.springframework.data.util.Lazy.get(Lazy.java:94) ~[spring-data-commons-2.2.0.RC3.jar:2.2.0.RC3]
	at org.springframework.data.repository.core.support.RepositoryFactoryBeanSupport.afterPropertiesSet(RepositoryFactoryBeanSupport.java:300) ~[spring-data-commons-2.2.0.RC3.jar:2.2.0.RC3]
	at org.springframework.data.mongodb.repository.support.ReactiveMongoRepositoryFactoryBean.afterPropertiesSet(ReactiveMongoRepositoryFactoryBean.java:124) ~[spring-data-mongodb-2.2.0.RC3.jar:2.2.0.RC3]
	at org.springframework.beans.factory.support.AbstractAutowireCapableBeanFactory.invokeInitMethods(AbstractAutowireCapableBeanFactory.java:1863) ~[spring-beans-5.2.0.RC2.jar:5.2.0.RC2]
	at org.springframework.beans.factory.support.AbstractAutowireCapableBeanFactory.initializeBean(AbstractAutowireCapableBeanFactory.java:1800) ~[spring-beans-5.2.0.RC2.jar:5.2.0.RC2]
	... 119 common frames omitted

]]></system-out>
  </testcase>
</testsuite>